<?xml version="1.0" encoding="UTF-8"?>
<testng-results skipped="0" failed="0" ignored="0" total="1" passed="1">
  <reporter-output>
  </reporter-output>
  <suite name="Default suite" duration-ms="16004" started-at="2018-08-14T15:13:10Z" finished-at="2018-08-14T15:13:26Z">
    <groups>
    </groups>
    <test name="Default test" duration-ms="16004" started-at="2018-08-14T15:13:10Z" finished-at="2018-08-14T15:13:26Z">
      <class name="Scripts.TestValidLogin">
        <test-method status="PASS" signature="openApp()[pri:0, instance:Scripts.TestValidLogin@2db7a79b]" name="openApp" is-config="true" duration-ms="10919" started-at="2018-08-14T15:13:10Z" finished-at="2018-08-14T15:13:21Z">
          <reporter-output>
          </reporter-output>
        </test-method> <!-- openApp -->
        <test-method status="PASS" signature="validLogin()[pri:0, instance:Scripts.TestValidLogin@2db7a79b]" name="validLogin" duration-ms="5043" started-at="2018-08-14T15:13:21Z" finished-at="2018-08-14T15:13:26Z">
          <reporter-output>
          </reporter-output>
        </test-method> <!-- validLogin -->
        <test-method status="PASS" signature="closeApp(org.testng.ITestResult)[pri:0, instance:Scripts.TestValidLogin@2db7a79b]" name="closeApp" is-config="true" duration-ms="3" started-at="2018-08-14T15:13:26Z" finished-at="2018-08-14T15:13:26Z">
          <params>
            <param index="0">
              <value>
                <![CDATA[[TestResult name=validLogin status=SUCCESS method=TestValidLogin.validLogin()[pri:0, instance:Scripts.TestValidLogin@2db7a79b] output={null}]]]>
              </value>
            </param>
          </params>
          <reporter-output>
          </reporter-output>
        </test-method> <!-- closeApp -->
      </class> <!-- Scripts.TestValidLogin -->
    </test> <!-- Default test -->
  </suite> <!-- Default suite -->
</testng-results>
